<?xml version="1.0" encoding="UTF-8"?>
<robot generator="Robot 6.0.2 (Python 3.11.1 on darwin)" generated="20230116 18:05:56.103" rpa="false" schemaversion="3">
<suite id="s1" name="TesteBlogTest" source="/Users/thiago.fernandes/PycharmProjects/pythonProject/TesteBlogTest.robot">
<test id="s1-t1" name="Caso de Teste 01: Pesquisar um post" line="7">
<kw name="Acessar a página do blog" library="ResourceBlogTest" type="SETUP">
<kw name="Open Browser" library="SeleniumLibrary">
<arg>url=${URL}</arg>
<arg>browser=${BROWSER}</arg>
<doc>Opens a new browser instance to the optional ``url``.</doc>
<msg timestamp="20230116 18:05:56.251" level="INFO">Opening browser 'chrome' to base url 'https://robotizandotestes.blogspot.com/'.</msg>
<status status="PASS" starttime="20230116 18:05:56.251" endtime="20230116 18:06:02.025"/>
</kw>
<kw name="Title Should Be" library="SeleniumLibrary">
<arg>Robotizando Testes</arg>
<doc>Verifies that the current page title equals ``title``.</doc>
<msg timestamp="20230116 18:06:02.031" level="INFO">Page title is 'Robotizando Testes'.</msg>
<status status="PASS" starttime="20230116 18:06:02.026" endtime="20230116 18:06:02.031"/>
</kw>
<status status="PASS" starttime="20230116 18:05:56.250" endtime="20230116 18:06:02.031"/>
</kw>
<kw name="Pesquisar por um post com &quot;Season Premiere: Introdução ao Robot Framework&quot;" library="ResourceBlogTest" sourcename="Pesquisar por um post com &quot;${TEXTO_PESQUISA}&quot;">
<kw name="Wait Until Element Is Visible" library="SeleniumLibrary">
<arg>locator=${BTN_PESQUISAR}</arg>
<doc>Waits until the element ``locator`` is visible.</doc>
<status status="PASS" starttime="20230116 18:06:02.032" endtime="20230116 18:06:02.054"/>
</kw>
<kw name="Click Button" library="SeleniumLibrary">
<arg>${BTN_PESQUISAR}</arg>
<doc>Clicks the button identified by ``locator``.</doc>
<msg timestamp="20230116 18:06:02.054" level="INFO">Clicking button 'css=button.search-expand.touch-icon-button'.</msg>
<status status="PASS" starttime="20230116 18:06:02.054" endtime="20230116 18:06:02.198"/>
</kw>
<kw name="Input Text" library="SeleniumLibrary">
<arg>${INPUT_PESQUISAR}</arg>
<arg>${TEXTO_PESQUISA}</arg>
<doc>Types the given ``text`` into the text field identified by ``locator``.</doc>
<msg timestamp="20230116 18:06:02.199" level="INFO">Typing text 'Season Premiere: Introdução ao Robot Framework' into text field 'name=q'.</msg>
<status status="PASS" starttime="20230116 18:06:02.198" endtime="20230116 18:06:02.400"/>
</kw>
<kw name="Click Element" library="SeleniumLibrary">
<arg>${SUBMIT_PESQUISAR}</arg>
<doc>Click the element identified by ``locator``.</doc>
<msg timestamp="20230116 18:06:02.401" level="INFO">Clicking element 'css=input.search-action.flat-button'.</msg>
<status status="PASS" starttime="20230116 18:06:02.400" endtime="20230116 18:06:03.838"/>
</kw>
<status status="PASS" starttime="20230116 18:06:02.031" endtime="20230116 18:06:03.838"/>
</kw>
<kw name="Conferir mensagem de pesquisa por &quot;Mostrando postagens que correspondem à pesquisa por Season Premiere: Introdução ao Robot Framework&quot;" library="ResourceBlogTest" sourcename="Conferir mensagem de pesquisa por &quot;${MSG_DESEJADA}&quot;">
<kw name="Page Should Contain" library="SeleniumLibrary">
<arg>text=${MSG_DESEJADA}</arg>
<doc>Verifies that current page contains ``text``.</doc>
<msg timestamp="20230116 18:06:03.854" level="INFO">Current page contains text 'Mostrando postagens que correspondem à pesquisa por Season Premiere: Introdução ao Robot Framework'.</msg>
<status status="PASS" starttime="20230116 18:06:03.839" endtime="20230116 18:06:03.854"/>
</kw>
<status status="PASS" starttime="20230116 18:06:03.838" endtime="20230116 18:06:03.854"/>
</kw>
<kw name="Fechar Navegador" library="ResourceBlogTest" type="TEARDOWN">
<kw name="Close Browser" library="SeleniumLibrary">
<doc>Closes the current browser.</doc>
<status status="PASS" starttime="20230116 18:06:03.854" endtime="20230116 18:06:03.948"/>
</kw>
<status status="PASS" starttime="20230116 18:06:03.854" endtime="20230116 18:06:03.949"/>
</kw>
<status status="PASS" starttime="20230116 18:05:56.250" endtime="20230116 18:06:03.949"/>
</test>
<test id="s1-t2" name="Caso de Teste 02: Ler um post" line="11">
<kw name="Acessar a página do blog" library="ResourceBlogTest" type="SETUP">
<kw name="Open Browser" library="SeleniumLibrary">
<arg>url=${URL}</arg>
<arg>browser=${BROWSER}</arg>
<doc>Opens a new browser instance to the optional ``url``.</doc>
<msg timestamp="20230116 18:06:03.952" level="INFO">Opening browser 'chrome' to base url 'https://robotizandotestes.blogspot.com/'.</msg>
<status status="PASS" starttime="20230116 18:06:03.952" endtime="20230116 18:06:08.011"/>
</kw>
<kw name="Title Should Be" library="SeleniumLibrary">
<arg>Robotizando Testes</arg>
<doc>Verifies that the current page title equals ``title``.</doc>
<msg timestamp="20230116 18:06:08.016" level="INFO">Page title is 'Robotizando Testes'.</msg>
<status status="PASS" starttime="20230116 18:06:08.012" endtime="20230116 18:06:08.016"/>
</kw>
<status status="PASS" starttime="20230116 18:06:03.951" endtime="20230116 18:06:08.016"/>
</kw>
<kw name="Acessar o post com &quot;Season Premiere: Introdução ao Robot Framework&quot;" library="ResourceBlogTest" sourcename="Acessar o post com &quot;${TEXTO_PESQUISA}&quot;">
<kw name="Pesquisar por um post com &quot;${TEXTO_PESQUISA}&quot;" library="ResourceBlogTest" sourcename="Pesquisar por um post com &quot;${TEXTO_PESQUISA}&quot;">
<kw name="Wait Until Element Is Visible" library="SeleniumLibrary">
<arg>locator=${BTN_PESQUISAR}</arg>
<doc>Waits until the element ``locator`` is visible.</doc>
<status status="PASS" starttime="20230116 18:06:08.017" endtime="20230116 18:06:08.038"/>
</kw>
<kw name="Click Button" library="SeleniumLibrary">
<arg>${BTN_PESQUISAR}</arg>
<doc>Clicks the button identified by ``locator``.</doc>
<msg timestamp="20230116 18:06:08.039" level="INFO">Clicking button 'css=button.search-expand.touch-icon-button'.</msg>
<status status="PASS" starttime="20230116 18:06:08.038" endtime="20230116 18:06:08.187"/>
</kw>
<kw name="Input Text" library="SeleniumLibrary">
<arg>${INPUT_PESQUISAR}</arg>
<arg>${TEXTO_PESQUISA}</arg>
<doc>Types the given ``text`` into the text field identified by ``locator``.</doc>
<msg timestamp="20230116 18:06:08.187" level="INFO">Typing text 'Season Premiere: Introdução ao Robot Framework' into text field 'name=q'.</msg>
<status status="PASS" starttime="20230116 18:06:08.187" endtime="20230116 18:06:08.397"/>
</kw>
<kw name="Click Element" library="SeleniumLibrary">
<arg>${SUBMIT_PESQUISAR}</arg>
<doc>Click the element identified by ``locator``.</doc>
<msg timestamp="20230116 18:06:08.398" level="INFO">Clicking element 'css=input.search-action.flat-button'.</msg>
<status status="PASS" starttime="20230116 18:06:08.397" endtime="20230116 18:06:09.808"/>
</kw>
<status status="PASS" starttime="20230116 18:06:08.017" endtime="20230116 18:06:09.808"/>
</kw>
<kw name="Click Element" library="SeleniumLibrary">
<arg>${LINK_POST}</arg>
<doc>Click the element identified by ``locator``.</doc>
<msg timestamp="20230116 18:06:09.809" level="INFO">Clicking element 'xpath=//a[contains(text(),'Season Premiere: Introdução ao Robot Framework')]'.</msg>
<status status="PASS" starttime="20230116 18:06:09.808" endtime="20230116 18:06:11.028"/>
</kw>
<kw name="Wait Until Page Contains" library="SeleniumLibrary">
<arg>O que é Robot Framework?</arg>
<doc>Waits until ``text`` appears on the current page.</doc>
<status status="PASS" starttime="20230116 18:06:11.028" endtime="20230116 18:06:11.041"/>
</kw>
<status status="PASS" starttime="20230116 18:06:08.017" endtime="20230116 18:06:11.041"/>
</kw>
<kw name="Conferir se a imagem do robô aparece" library="ResourceBlogTest">
<kw name="Page Should Contain Image" library="SeleniumLibrary">
<arg>${IMG_ROBO}</arg>
<doc>Verifies image identified by ``locator`` is found from current page.</doc>
<msg timestamp="20230116 18:06:11.055" level="INFO">Current page contains image 'xpath=//img[contains(@src,'if_Robot_18_385830_grande')]'.</msg>
<status status="PASS" starttime="20230116 18:06:11.042" endtime="20230116 18:06:11.055"/>
</kw>
<status status="PASS" starttime="20230116 18:06:11.041" endtime="20230116 18:06:11.055"/>
</kw>
<kw name="Conferir se o texto &quot;nesse post vou apresentar-lhes o astro deste blog&quot; aparece" library="ResourceBlogTest" sourcename="Conferir se o texto &quot;${TEXTO_DESEJADO}&quot; aparece">
<kw name="Page Should Contain" library="SeleniumLibrary">
<arg>text=${TEXTO_DESEJADO}</arg>
<doc>Verifies that current page contains ``text``.</doc>
<msg timestamp="20230116 18:06:11.067" level="INFO">Current page contains text 'nesse post vou apresentar-lhes o astro deste blog'.</msg>
<status status="PASS" starttime="20230116 18:06:11.056" endtime="20230116 18:06:11.067"/>
</kw>
<status status="PASS" starttime="20230116 18:06:11.055" endtime="20230116 18:06:11.068"/>
</kw>
<kw name="Fechar Navegador" library="ResourceBlogTest" type="TEARDOWN">
<kw name="Close Browser" library="SeleniumLibrary">
<doc>Closes the current browser.</doc>
<status status="PASS" starttime="20230116 18:06:11.068" endtime="20230116 18:06:11.169"/>
</kw>
<status status="PASS" starttime="20230116 18:06:11.068" endtime="20230116 18:06:11.170"/>
</kw>
<status status="PASS" starttime="20230116 18:06:03.950" endtime="20230116 18:06:11.170"/>
</test>
<status status="PASS" starttime="20230116 18:05:56.105" endtime="20230116 18:06:11.171"/>
</suite>
<statistics>
<total>
<stat pass="2" fail="0" skip="0">All Tests</stat>
</total>
<tag>
</tag>
<suite>
<stat pass="2" fail="0" skip="0" id="s1" name="TesteBlogTest">TesteBlogTest</stat>
</suite>
</statistics>
<errors>
</errors>
</robot>
